[2025-09-29 18:02:23] [leave_status] [OK] to=ejohntem@gmail.com subject="Leave Request Dept_approved - ELMS"
[2025-09-29 18:22:27] [leave_status] [OK] to=ejohntem@gmail.com subject="📄 Leave Request Update - ELMS"
[2025-09-29 18:33:28] [leave_status] [OK] to=erictorion94@gmail.com subject="❌ Leave Request - ELMS"
[2025-09-29 18:33:40] [leave_status] [OK] to=ejohntem@gmail.com subject="📋 Leave Request Approved by Department Head - ELMS"
[2025-09-29 18:34:59] [leave_status] [OK] to=ejohntem@gmail.com subject="📄 Leave Request - ELMS"
[2025-09-29 19:07:15] [leave_status] [OK] to=ejohntem@gmail.com subject="📋 Leave Request Approved by Department Head - ELMS"
[2025-09-29 19:07:49] [leave_status] [OK] to=ejohntem@gmail.com subject="📄 Leave Request - ELMS"
[2025-09-30 03:58:10] [leave_status] [FAIL] to=erictorion94@gmail.com subject="Leave Request - ELMS" error=SMTP Error: Could not connect to SMTP host. Failed to connect to server
[2025-09-30 03:58:50] [leave_status] [FAIL] to=erictorion94@gmail.com subject="Leave Request - ELMS" error=SMTP Error: Could not connect to SMTP host. Failed to connect to server
[2025-09-30 04:46:20] [leave_status] [OK] to=ejohntem@gmail.com subject="📋 Leave Request Approved by Department Head - ELMS"
[2025-09-30 04:47:36] [leave_status] [OK] to=ejohntem@gmail.com subject="📄 Leave Request - ELMS"
[2025-09-30 04:59:07] [leave_status] [OK] to=ejohntem@gmail.com subject="📋 Leave Request Approved by Department Head - ELMS"
[2025-09-30 04:59:52] [leave_status] [OK] to=ejohntem@gmail.com subject="📄 Leave Request - ELMS"
[2025-09-30 05:32:34] [leave_status] [OK] to=ejohntem@gmail.com subject="❌ Leave Request - ELMS"
[2025-09-30 05:32:47] [leave_status] [OK] to=ejohntem@gmail.com subject="❌ Leave Request - ELMS"
[2025-09-30 05:56:24] [leave_status] [OK] to=erictorion94@gmail.com subject="📋 Leave Request Approved by Department Head - ELMS"
[2025-09-30 05:56:55] [leave_status] [OK] to=erictorion94@gmail.com subject="📄 Leave Request - ELMS"
[2025-09-30 06:09:07] [leave_status] [OK] to=erictorion94@gmail.com subject="📋 Leave Request Approved by Department Head - ELMS"
[2025-09-30 06:09:42] [leave_status] [OK] to=erictorion94@gmail.com subject="📄 Leave Request - ELMS"
[2025-09-30 06:21:03] [leave_status] [OK] to=erictorion94@gmail.com subject="📋 Leave Request Approved by Department Head - ELMS"
[2025-09-30 06:35:30] [leave_status] [OK] to=erictorion94@gmail.com subject="📋 Leave Request Approved by Department Head - ELMS"
[2025-09-30 06:35:49] [leave_status] [OK] to=erictorion94@gmail.com subject="📄 Leave Request - ELMS"
[2025-09-30 06:36:55] [leave_status] [OK] to=erictorion94@gmail.com subject="📄 Leave Request - ELMS"
[2025-09-30 06:39:46] [leave_status] [OK] to=erictorion94@gmail.com subject="📋 Leave Request Approved by Department Head - ELMS"
[2025-09-30 06:40:03] [leave_status] [OK] to=erictorion94@gmail.com subject="📄 Leave Request - ELMS"
[2025-09-30 07:07:36] [leave_status] [OK] to=erictorion94@gmail.com subject="📋 Leave Request Approved by Department Head - ELMS"
[2025-09-30 07:07:46] [leave_status] [OK] to=erictorion94@gmail.com subject="📋 Leave Request Approved by Department Head - ELMS"
[2025-09-30 07:08:04] [leave_status] [OK] to=erictorion94@gmail.com subject="📄 Leave Request - ELMS"
[2025-09-30 07:08:19] [leave_status] [OK] to=erictorion94@gmail.com subject="📄 Leave Request - ELMS"
[2025-10-06 06:05:19] [leave_status] [OK] to=erictorion94@gmail.com subject="📋 Leave Request Approved by Department Head - ELMS"
[2025-10-06 06:06:04] [leave_status] [OK] to=erictorion94@gmail.com subject="📄 Leave Request - ELMS"
[2025-10-06 07:49:45] [leave_status] [OK] to=erictorion94@gmail.com subject="📋 Leave Request Approved by Department Head - ELMS"
[2025-10-06 07:50:07] [leave_status] [OK] to=erictorion94@gmail.com subject="📄 Leave Request - ELMS"
[2025-10-06 08:47:40] [leave_status] [OK] to=erictorion94@gmail.com subject="📋 Leave Request Approved by Department Head - ELMS"
[2025-10-06 08:48:05] [leave_status] [OK] to=erictorion94@gmail.com subject="📄 Leave Request - ELMS"
[2025-10-06 09:01:07] [leave_status] [OK] to=erictorion94@gmail.com subject="📋 Leave Request Approved by Department Head - ELMS"
[2025-10-06 09:03:34] [leave_status] [OK] to=erictorion94@gmail.com subject="📋 Leave Request Approved by Department Head - ELMS"
[2025-10-10 14:42:27] [leave_status] [OK] to=erictorion94@gmail.com subject="📄 Leave Request - ELMS"
[2025-10-11 15:08:57] [leave_status] [FAIL] to=erictorion94@gmail.com subject="Leave Request - ELMS" error=SMTP Error: Could not connect to SMTP host. Failed to connect to server
[2025-10-11 15:37:48] [leave_status] [OK] to=erictorion1@gmail.com subject="📋 Leave Request Approved by Department Head - ELMS"
[2025-10-11 15:38:17] [leave_status] [OK] to=erictorion1@gmail.com subject="📄 Leave Request - ELMS"
[2025-10-11 16:06:48] [leave_status] [OK] to=erictorion1@gmail.com subject="📋 Leave Request Approved by Department Head - ELMS"
[2025-10-11 16:08:59] [leave_status] [OK] to=erictorion1@gmail.com subject="📄 Leave Request - ELMS"
[2025-10-11 16:35:54] [leave_status] [OK] to=erictorion1@gmail.com subject="📋 Leave Request Approved by Department Head - ELMS"
[2025-10-11 16:36:24] [leave_status] [OK] to=erictorion1@gmail.com subject="📄 Leave Request - ELMS"
[2025-10-11 16:43:09] [leave_status] [OK] to=erictorion1@gmail.com subject="📋 Leave Request Approved by Department Head - ELMS"
[2025-10-11 16:43:44] [leave_status] [OK] to=erictorion1@gmail.com subject="📄 Leave Request - ELMS"
[2025-10-11 16:50:08] [leave_status] [OK] to=erictorion1@gmail.com subject="📋 Leave Request Approved by Department Head - ELMS"
[2025-10-11 16:50:29] [leave_status] [OK] to=erictorion1@gmail.com subject="📄 Leave Request - ELMS"
[2025-10-11 17:04:35] [leave_status] [OK] to=erictorion1@gmail.com subject="📋 Leave Request Approved by Department Head - ELMS"
[2025-10-11 17:05:01] [leave_status] [OK] to=erictorion1@gmail.com subject="📄 Leave Request - ELMS"
[2025-10-13 15:59:54] [leave_status] [FAIL] to=erictorion1@gmail.com subject="Leave Request - ELMS" error=SMTP Error: Could not connect to SMTP host. Failed to connect to server
[2025-10-13 16:00:35] [leave_status] [FAIL] to=erictorion1@gmail.com subject="Leave Request - ELMS" error=SMTP Error: Could not connect to SMTP host. Failed to connect to server
[2025-10-17 08:50:38] [leave_status] [OK] to=erictorion1@gmail.com subject="❌ Leave Request - ELMS"
[2025-10-17 09:00:23] [leave_status] [OK] to=erictorion1@gmail.com subject="📋 Leave Request Approved by Department Head - ELMS"
[2025-10-17 09:07:33] [leave_status] [OK] to=erictorion1@gmail.com subject="📄 Leave Request - ELMS"
[2025-10-19 13:24:50] [leave_status] [OK] to=erictorion1@gmail.com subject="📋 Leave Request Approved by Department Head - ELMS"
[2025-10-19 13:25:09] [leave_status] [OK] to=erictorion1@gmail.com subject="📄 Leave Request - ELMS"
[2025-10-19 13:38:41] [leave_status] [OK] to=erictorion1@gmail.com subject="❌ Leave Request - ELMS"
[2025-10-19 13:46:26] [leave_status] [OK] to=erictorion1@gmail.com subject="❌ Leave Request - ELMS"
[2025-10-19 13:46:35] [leave_status] [OK] to=erictorion1@gmail.com subject="❌ Leave Request - ELMS"
[2025-10-19 13:49:13] [leave_status] [OK] to=erictorion1@gmail.com subject="❌ Leave Request - ELMS"
[2025-10-19 14:00:53] [leave_status] [OK] to=erictorion94@gmail.com subject="❌ Leave Request - ELMS"
[2025-10-19 14:01:03] [leave_status] [OK] to=erictorion94@gmail.com subject="❌ Leave Request - ELMS"
[2025-10-19 14:01:13] [leave_status] [OK] to=erictorion94@gmail.com subject="❌ Leave Request - ELMS"
[2025-10-19 14:10:10] [leave_status] [OK] to=erictorion94@gmail.com subject="❌ Leave Request - ELMS"
[2025-10-19 14:10:20] [leave_status] [OK] to=erictorion94@gmail.com subject="❌ Leave Request - ELMS"
[2025-10-19 14:53:12] [leave_status] [OK] to=erictorion94@gmail.com subject="📋 Leave Request Approved by Department Head - ELMS"
[2025-10-19 15:01:03] [leave_status] [OK] to=erictorion94@gmail.com subject="📄 Leave Request - ELMS"
[2025-10-19 15:12:44] [leave_status] [OK] to=erictorion94@gmail.com subject="📋 Leave Request Approved by Department Head - ELMS"
[2025-10-19 15:28:14] [leave_status] [OK] to=erictorion94@gmail.com subject="📋 Leave Request Approved by Department Head - ELMS"
[2025-10-19 15:28:23] [leave_status] [OK] to=erictorion94@gmail.com subject="📋 Leave Request Approved by Department Head - ELMS"
[2025-10-19 15:28:32] [leave_status] [OK] to=erictorion94@gmail.com subject="📋 Leave Request Approved by Department Head - ELMS"
[2025-10-19 15:28:40] [leave_status] [OK] to=erictorion94@gmail.com subject="📋 Leave Request Approved by Department Head - ELMS"
[2025-10-19 15:28:57] [leave_status] [OK] to=erictorion94@gmail.com subject="📄 Leave Request - ELMS"
[2025-10-19 15:29:08] [leave_status] [OK] to=erictorion94@gmail.com subject="📄 Leave Request - ELMS"
[2025-10-19 15:29:20] [leave_status] [OK] to=erictorion94@gmail.com subject="📄 Leave Request - ELMS"
[2025-10-19 15:32:07] [leave_status] [OK] to=erictorion94@gmail.com subject="📋 Leave Request Approved by Department Head - ELMS"
[2025-10-19 15:32:21] [leave_status] [OK] to=erictorion94@gmail.com subject="📄 Leave Request - ELMS"
[2025-10-19 15:36:52] [leave_status] [OK] to=erictorion94@gmail.com subject="📋 Leave Request Approved by Department Head - ELMS"
[2025-10-21 13:40:03] [custom_notification] [OK] to=ejtem43@gmail.com subject="Test Notification - ELMS Debug"
[2025-10-21 13:41:31] [custom_notification] [OK] to=ejohntem@gmail.com subject="Test Director Notification - ELMS"
[2025-10-21 13:42:45] [custom_notification] [OK] to=ejtem43@gmail.com subject="New Leave Request - Action Required - ELMS"
[2025-10-21 13:42:50] [custom_notification] [OK] to=ejtem43@gmail.com subject="DEBUG: Test Leave Notification - ELMS"
[2025-10-21 13:43:12] [custom_notification] [OK] to=ejtem43@gmail.com subject="New Leave Request - Action Required - ELMS"
[2025-10-21 13:48:13] [custom_notification] [OK] to=ejtem43@gmail.com subject="New Leave Request - Action Required - ELMS"
[2025-10-21 13:48:17] [custom_notification] [OK] to=ejtem43@gmail.com subject="New Leave Request - Action Required - ELMS"
[2025-10-21 13:48:21] [custom_notification] [OK] to=ejtem43@gmail.com subject="New Leave Request - Action Required - ELMS"
[2025-10-21 13:48:53] [custom_notification] [OK] to=ejtem43@gmail.com subject="New Leave Request - Action Required - ELMS"
[2025-10-21 13:48:59] [custom_notification] [OK] to=ejtem43@gmail.com subject="DEBUG: Direct EmailService Test - ELMS"
[2025-10-21 13:49:46] [custom_notification] [OK] to=ejtem43@gmail.com subject="New Leave Request - Action Required - ELMS"
[2025-10-21 13:50:11] [custom_notification] [OK] to=ejtem43@gmail.com subject="New Leave Request - Action Required - ELMS"
[2025-10-21 13:54:38] [custom_notification] [OK] to=ejtem43@gmail.com subject="New Leave Request - Action Required - ELMS"
[2025-10-21 13:55:04] [custom_notification] [OK] to=ejtem43@gmail.com subject="New Leave Request - Action Required - ELMS"
[2025-10-21 13:57:57] [leave_status] [OK] to=erictorion94@gmail.com subject="📋 Leave Request Approved by Department Head - ELMS"
[2025-10-21 13:58:01] [custom_notification] [OK] to=ejohntem@gmail.com subject="Leave Request Approved by Department Head - Action Required - ELMS"
[2025-10-21 13:58:49] [leave_status] [OK] to=erictorion94@gmail.com subject="📋 Leave Request Approved by Department Head - ELMS"
[2025-10-21 13:58:53] [custom_notification] [OK] to=ejohntem@gmail.com subject="Leave Request Approved by Department Head - Action Required - ELMS"
[2025-10-21 13:59:47] [leave_status] [OK] to=erictorion94@gmail.com subject="📄 Leave Request - ELMS"
[2025-10-21 14:04:07] [leave_status] [OK] to=erictorion94@gmail.com subject="📄 Leave Request - ELMS"
[2025-10-21 14:06:22] [leave_status] [OK] to=erictorion94@gmail.com subject="📄 Leave Request - ELMS"
[2025-10-21 14:09:01] [leave_status] [OK] to=erictorion94@gmail.com subject="📄 Leave Request - ELMS"
[2025-10-21 14:09:31] [leave_status] [OK] to=erictorion94@gmail.com subject="📋 Leave Request Approved by Department Head - ELMS"
[2025-10-21 14:09:35] [custom_notification] [OK] to=ejohntem@gmail.com subject="Leave Request Approved by Department Head - Action Required - ELMS"
[2025-10-21 14:09:52] [leave_status] [OK] to=erictorion94@gmail.com subject="📋 Leave Request Approved by Department Head - ELMS"
[2025-10-21 14:09:55] [custom_notification] [OK] to=ejohntem@gmail.com subject="Leave Request Approved by Department Head - Action Required - ELMS"
[2025-10-21 14:11:12] [leave_status] [OK] to=erictorion94@gmail.com subject="📋 Leave Request Approved by Department Head - ELMS"
[2025-10-21 14:11:15] [custom_notification] [OK] to=ejohntem@gmail.com subject="Leave Request Approved by Department Head - Action Required - ELMS"
[2025-10-21 14:11:28] [leave_status] [OK] to=erictorion94@gmail.com subject="📋 Leave Request Approved by Department Head - ELMS"
[2025-10-21 14:11:32] [custom_notification] [OK] to=ejohntem@gmail.com subject="Leave Request Approved by Department Head - Action Required - ELMS"
[2025-10-21 14:11:45] [leave_status] [OK] to=erictorion94@gmail.com subject="📋 Leave Request Approved by Department Head - ELMS"
[2025-10-21 14:11:51] [custom_notification] [OK] to=ejohntem@gmail.com subject="Leave Request Approved by Department Head - Action Required - ELMS"
[2025-10-21 14:12:20] [leave_status] [OK] to=erictorion94@gmail.com subject="📋 Leave Request Approved by Department Head - ELMS"
[2025-10-21 14:12:24] [custom_notification] [OK] to=ejohntem@gmail.com subject="Leave Request Approved by Department Head - Action Required - ELMS"
[2025-10-21 14:21:09] [custom_notification] [OK] to=ejtem43@gmail.com subject="New Leave Request - Action Required - ELMS"
[2025-10-21 14:21:25] [custom_notification] [OK] to=ejtem43@gmail.com subject="New Leave Request - Action Required - ELMS"
[2025-10-21 14:25:19] [custom_notification] [OK] to=ejtem43@gmail.com subject="New Leave Request - Action Required - ELMS"
[2025-10-21 14:27:39] [custom_notification] [OK] to=ejtem43@gmail.com subject="New Leave Request - Action Required - ELMS"
[2025-10-21 14:28:01] [custom_notification] [OK] to=ejtem43@gmail.com subject="New Leave Request - Action Required - ELMS"
[2025-10-21 14:30:54] [custom_notification] [OK] to=ejtem43@gmail.com subject="New Leave Request - Action Required - ELMS"
[2025-10-21 14:31:45] [custom_notification] [OK] to=ejtem43@gmail.com subject="New Leave Request - Action Required - ELMS"
[2025-10-21 14:34:55] [custom_notification] [OK] to=ejtem43@gmail.com subject="New Leave Request - Action Required - ELMS"
[2025-10-21 14:35:17] [custom_notification] [OK] to=ejtem43@gmail.com subject="New Leave Request - Action Required - ELMS"
[2025-10-21 14:37:53] [custom_notification] [OK] to=ejtem43@gmail.com subject="New Leave Request - Action Required - ELMS"
[2025-10-21 14:38:30] [custom_notification] [OK] to=ejtem43@gmail.com subject="New Leave Request - Action Required - ELMS"
[2025-10-21 14:42:45] [custom_notification] [OK] to=ejtem43@gmail.com subject="New Leave Request - Action Required - ELMS"
[2025-10-21 14:46:20] [custom_notification] [OK] to=ejtem43@gmail.com subject="New Leave Request - Action Required - ELMS"
[2025-10-21 14:46:59] [custom_notification] [OK] to=ejtem43@gmail.com subject="New Leave Request - Action Required - ELMS"
[2025-10-21 14:50:36] [custom_notification] [OK] to=ejtem43@gmail.com subject="New Leave Request - Action Required - ELMS"
[2025-10-21 14:55:25] [custom_notification] [OK] to=ejtem43@gmail.com subject="New Leave Request - Action Required - ELMS"
[2025-10-21 14:59:06] [custom_notification] [OK] to=ejtem43@gmail.com subject="New Leave Request - Action Required - ELMS"
[2025-10-21 15:04:07] [custom_notification] [OK] to=ejtem43@gmail.com subject="New Leave Request - Action Required - ELMS"
[2025-10-21 15:04:23] [custom_notification] [OK] to=ejtem43@gmail.com subject="New Leave Request - Action Required - ELMS"
[2025-10-21 15:09:51] [leave_status] [OK] to=erictorion94@gmail.com subject="📋 Leave Request Approved by Department Head - ELMS"
[2025-10-21 15:09:54] [custom_notification] [OK] to=ejohntem@gmail.com subject="Leave Request Approved by Department Head - Action Required - ELMS"
[2025-10-21 15:10:05] [leave_status] [OK] to=erictorion94@gmail.com subject="📋 Leave Request Approved by Department Head - ELMS"
[2025-10-21 15:10:07] [custom_notification] [OK] to=ejohntem@gmail.com subject="Leave Request Approved by Department Head - Action Required - ELMS"
[2025-10-21 15:10:30] [leave_status] [OK] to=erictorion94@gmail.com subject="📄 Leave Request - ELMS"
[2025-10-22 08:48:30] [custom_notification] [OK] to=jeromedichos898@gmail.com subject="New Leave Request - Action Required - ELMS"
[2025-10-22 08:49:25] [leave_status] [OK] to=jhaizzatan@gmail.com subject="📋 Leave Request Approved by Department Head - ELMS"
[2025-10-22 08:49:28] [custom_notification] [OK] to=ejohntem@gmail.com subject="Leave Request Approved by Department Head - Action Required - ELMS"
[2025-10-22 08:50:40] [leave_status] [OK] to=jhaizzatan@gmail.com subject="📄 Leave Request - ELMS"
[2025-10-22 09:09:43] [custom_notification] [OK] to=jeromedichos898@gmail.com subject="New Leave Request - Action Required - ELMS"
[2025-10-22 09:27:15] [custom_notification] [OK] to=ejtem43@gmail.com subject="New Leave Request - Action Required - ELMS"
[2025-10-22 09:29:35] [custom_notification] [OK] to=ejtem43@gmail.com subject="New Leave Request - Action Required - ELMS"
[2025-10-22 09:47:54] [custom_notification] [OK] to=jeromedichos898@gmail.com subject="New Leave Request - Action Required - ELMS"
[2025-10-22 09:54:42] [custom_notification] [OK] to=jeromedichos898@gmail.com subject="New Leave Request - Action Required - ELMS"
[2025-10-22 09:55:43] [leave_status] [OK] to=jhaizzatan@gmail.com subject="📋 Leave Request Approved by Department Head - ELMS"
[2025-10-22 09:55:46] [custom_notification] [OK] to=ejohntem@gmail.com subject="Leave Request Approved by Department Head - Action Required - ELMS"
[2025-10-22 09:55:56] [leave_status] [OK] to=jhaizzatan@gmail.com subject="📋 Leave Request Approved by Department Head - ELMS"
[2025-10-22 09:56:00] [custom_notification] [OK] to=ejohntem@gmail.com subject="Leave Request Approved by Department Head - Action Required - ELMS"
[2025-10-22 09:56:25] [leave_status] [OK] to=jhaizzatan@gmail.com subject="📄 Leave Request - ELMS"
[2025-10-22 09:56:51] [leave_status] [OK] to=jhaizzatan@gmail.com subject="📄 Leave Request - ELMS"
[2025-10-22 09:57:35] [custom_notification] [OK] to=jeromedichos898@gmail.com subject="New Leave Request - Action Required - ELMS"
[2025-10-22 09:58:09] [custom_notification] [OK] to=jeromedichos898@gmail.com subject="New Leave Request - Action Required - ELMS"
[2025-10-22 10:00:07] [custom_notification] [OK] to=jeromedichos898@gmail.com subject="New Leave Request - Action Required - ELMS"
[2025-10-22 10:00:27] [custom_notification] [OK] to=jeromedichos898@gmail.com subject="New Leave Request - Action Required - ELMS"
[2025-10-22 10:04:13] [custom_notification] [OK] to=jeromedichos898@gmail.com subject="New Leave Request - Action Required - ELMS"
[2025-10-22 10:06:08] [custom_notification] [OK] to=jeromedichos898@gmail.com subject="New Leave Request - Action Required - ELMS"
[2025-10-22 10:08:10] [custom_notification] [OK] to=jeromedichos898@gmail.com subject="New Leave Request - Action Required - ELMS"
[2025-10-22 10:10:13] [custom_notification] [OK] to=jeromedichos898@gmail.com subject="New Leave Request - Action Required - ELMS"
[2025-10-22 10:14:17] [custom_notification] [OK] to=jeromedichos898@gmail.com subject="New Leave Request - Action Required - ELMS"
[2025-10-22 10:16:38] [custom_notification] [OK] to=jeromedichos898@gmail.com subject="New Leave Request - Action Required - ELMS"
[2025-10-22 10:19:41] [custom_notification] [OK] to=jeromedichos898@gmail.com subject="New Leave Request - Action Required - ELMS"
[2025-10-22 10:20:02] [custom_notification] [OK] to=jeromedichos898@gmail.com subject="New Leave Request - Action Required - ELMS"
[2025-10-22 10:58:12] [custom_notification] [OK] to=jeromedichos898@gmail.com subject="New Leave Request - Action Required - ELMS"
[2025-10-22 10:59:06] [custom_notification] [OK] to=jeromedichos898@gmail.com subject="New Leave Request - Action Required - ELMS"
[2025-10-22 11:00:55] [custom_notification] [OK] to=jeromedichos898@gmail.com subject="New Leave Request - Action Required - ELMS"
[2025-10-22 11:01:21] [custom_notification] [OK] to=jeromedichos898@gmail.com subject="New Leave Request - Action Required - ELMS"
[2025-10-22 11:11:36] [custom_notification] [OK] to=jeromedichos898@gmail.com subject="New Leave Request - Action Required - ELMS"
[2025-10-22 11:40:49] [custom_notification] [OK] to=jeromedichos898@gmail.com subject="New Leave Request - Action Required - ELMS"
[2025-10-22 11:41:22] [custom_notification] [OK] to=jeromedichos898@gmail.com subject="New Leave Request - Action Required - ELMS"
[2025-10-24 10:05:10] [leave_status] [OK] to=jhaizzatan@gmail.com subject="❌ Leave Request - ELMS"
[2025-10-24 10:14:01] [leave_status] [OK] to=jhaizzatan@gmail.com subject="❌ Leave Request - ELMS"
[2025-10-24 10:14:13] [leave_status] [OK] to=jhaizzatan@gmail.com subject="❌ Leave Request - ELMS"
[2025-10-24 10:14:23] [leave_status] [OK] to=jhaizzatan@gmail.com subject="❌ Leave Request - ELMS"
[2025-10-24 10:14:36] [leave_status] [OK] to=jhaizzatan@gmail.com subject="❌ Leave Request - ELMS"
[2025-10-24 10:34:01] [leave_status] [OK] to=jhaizzatan@gmail.com subject="📋 Leave Request Approved by Department Head - ELMS"
[2025-10-24 10:34:06] [custom_notification] [OK] to=ejohntem@gmail.com subject="Leave Request Approved by Department Head - Action Required - ELMS"
[2025-10-24 10:34:32] [leave_status] [OK] to=jhaizzatan@gmail.com subject="📄 Leave Request - ELMS"
[2025-10-24 10:39:50] [custom_notification] [OK] to=departmenthead999@gmail.com subject="New Leave Request - Action Required - ELMS"
[2025-10-24 11:25:55] [custom_notification] [OK] to=jeromedichos898@gmail.com subject="New Leave Request - Action Required - ELMS"
[2025-10-26 04:51:33] [custom_notification] [OK] to=departmenthead999@gmail.com subject="New Leave Request - Action Required - ELMS"
[2025-10-26 05:14:39] [custom_notification] [OK] to=departmenthead999@gmail.com subject="New Leave Request - Action Required - ELMS"
[2025-10-26 05:20:24] [custom_notification] [OK] to=departmenthead999@gmail.com subject="New Leave Request - Action Required - ELMS"
[2025-10-26 05:21:27] [custom_notification] [OK] to=departmenthead999@gmail.com subject="New Leave Request - Action Required - ELMS"
[2025-10-26 05:22:20] [custom_notification] [OK] to=departmenthead999@gmail.com subject="New Leave Request - Action Required - ELMS"
[2025-10-26 05:22:40] [custom_notification] [OK] to=departmenthead999@gmail.com subject="New Leave Request - Action Required - ELMS"
[2025-10-26 05:23:03] [custom_notification] [OK] to=departmenthead999@gmail.com subject="New Leave Request - Action Required - ELMS"
[2025-10-26 05:24:44] [custom_notification] [OK] to=departmenthead999@gmail.com subject="New Leave Request - Action Required - ELMS"
[2025-10-26 05:26:57] [custom_notification] [OK] to=departmenthead999@gmail.com subject="New Leave Request - Action Required - ELMS"
[2025-10-26 05:27:38] [leave_status] [OK] to=erictorion1@gmail.com subject="📋 Leave Request Approved by Department Head - ELMS"
[2025-10-26 05:27:42] [custom_notification] [OK] to=ejohntem@gmail.com subject="Leave Request Approved by Department Head - Action Required - ELMS"
[2025-10-26 05:28:07] [leave_status] [OK] to=erictorion1@gmail.com subject="📄 Leave Request - ELMS"
[2025-10-26 05:28:47] [custom_notification] [OK] to=departmenthead999@gmail.com subject="New Leave Request - Action Required - ELMS"
[2025-10-26 05:29:04] [custom_notification] [OK] to=departmenthead999@gmail.com subject="New Leave Request - Action Required - ELMS"
[2025-10-26 05:30:05] [custom_notification] [OK] to=departmenthead999@gmail.com subject="New Leave Request - Action Required - ELMS"
[2025-10-26 05:31:12] [custom_notification] [OK] to=departmenthead999@gmail.com subject="New Leave Request - Action Required - ELMS"
[2025-10-26 05:39:29] [custom_notification] [OK] to=departmenthead999@gmail.com subject="New Leave Request - Action Required - ELMS"
[2025-10-26 05:40:04] [custom_notification] [OK] to=jeromedichos898@gmail.com subject="New Leave Request - Action Required - ELMS"
[2025-10-26 08:07:40] [custom_notification] [OK] to=departmenthead999@gmail.com subject="New Leave Request - Action Required - ELMS"
[2025-10-26 09:26:44] [leave_status] [OK] to=erictorion1@gmail.com subject="📋 Leave Request Approved by Department Head - ELMS"
[2025-10-26 09:26:47] [custom_notification] [OK] to=directorhead999@gmail.com subject="Leave Request Approved by Department Head - Action Required - ELMS"
[2025-10-26 12:07:42] [custom_notification] [OK] to=departmenthead999@gmail.com subject="New Leave Request - Action Required - ELMS"
[2025-10-26 19:36:20] [custom_notification] [OK] to=departmenthead999@gmail.com subject="New Leave Request - Action Required - ELMS"
[2025-10-26 19:36:46] [custom_notification] [OK] to=departmenthead999@gmail.com subject="New Leave Request - Action Required - ELMS"
[2025-10-26 19:38:08] [custom_notification] [OK] to=departmenthead999@gmail.com subject="New Leave Request - Action Required - ELMS"
[2025-10-26 19:40:17] [custom_notification] [OK] to=departmenthead999@gmail.com subject="New Leave Request - Action Required - ELMS"
[2025-10-26 19:40:44] [custom_notification] [OK] to=departmenthead999@gmail.com subject="New Leave Request - Action Required - ELMS"
[2025-10-26 19:41:09] [custom_notification] [OK] to=departmenthead999@gmail.com subject="New Leave Request - Action Required - ELMS"
[2025-10-26 19:43:38] [custom_notification] [OK] to=departmenthead999@gmail.com subject="New Leave Request - Action Required - ELMS"
[2025-10-26 22:16:58] [custom_notification] [OK] to=departmenthead999@gmail.com subject="New Leave Request - Action Required - ELMS"
[2025-10-26 22:19:00] [leave_status] [OK] to=erictorion1@gmail.com subject="📋 Leave Request Approved by Department Head - ELMS"
[2025-10-26 22:19:04] [custom_notification] [OK] to=directorhead999@gmail.com subject="Leave Request Approved by Department Head - Action Required - ELMS"
[2025-10-26 22:19:33] [leave_status] [OK] to=erictorion1@gmail.com subject="📄 Leave Request - ELMS"
[2025-10-26 22:20:21] [leave_status] [OK] to=erictorion1@gmail.com subject="📄 Leave Request - ELMS"
[2025-10-28 16:58:57] [custom_notification] [FAIL] to=departmenthead999@gmail.com subject="New Leave Request - Action Required - ELMS" error=SMTP Error: Could not connect to SMTP host. Failed to connect to server
[2025-10-30 17:35:38] [custom_notification] [OK] to=jeromedichos898@gmail.com subject="New Leave Request - Action Required - ELMS"
[2025-10-30 17:39:24] [custom_notification] [OK] to=jeromedichos898@gmail.com subject="New Leave Request - Action Required - ELMS"
[2025-10-30 17:46:34] [custom_notification] [OK] to=jeromedichos898@gmail.com subject="New Leave Request - Action Required - ELMS"
[2025-10-30 17:48:36] [leave_status] [OK] to=jhaizzatan@gmail.com subject="📋 Leave Request Approved by Department Head - ELMS"
[2025-10-30 17:48:43] [custom_notification] [OK] to=directorhead999@gmail.com subject="Leave Request Approved by Department Head - Action Required - ELMS"
[2025-10-31 22:17:14] [custom_notification] [OK] to=jeromedichos898@gmail.com subject="New Leave Request - Action Required - ELMS"
[2025-10-31 22:22:22] [leave_status] [OK] to=erictorion94@gmail.com subject="📋 Leave Request Approved by Department Head - ELMS"
[2025-10-31 22:22:25] [custom_notification] [OK] to=directorhead999@gmail.com subject="Leave Request Approved by Department Head - Action Required - ELMS"
[2025-10-31 22:50:39] [leave_status] [OK] to=erictorion94@gmail.com subject="📄 Leave Request - ELMS"
[2025-10-31 23:28:47] [custom_notification] [OK] to=jeromedichos898@gmail.com subject="New Leave Request - Action Required - ELMS"
[2025-10-31 23:32:28] [leave_status] [OK] to=erictorion94@gmail.com subject="📋 Leave Request Approved by Department Head - ELMS"
[2025-10-31 23:32:32] [custom_notification] [OK] to=directorhead999@gmail.com subject="Leave Request Approved by Department Head - Action Required - ELMS"
[2025-10-31 23:33:23] [leave_status] [OK] to=erictorion94@gmail.com subject="📄 Leave Request - ELMS"
[2025-11-03 20:04:32] [custom_notification] [OK] to=jeromedichos898@gmail.com subject="New Leave Request - Action Required - ELMS"
[2025-11-03 20:05:10] [custom_notification] [OK] to=jeromedichos898@gmail.com subject="New Leave Request - Action Required - ELMS"
[2025-11-03 20:05:55] [custom_notification] [OK] to=jeromedichos898@gmail.com subject="New Leave Request - Action Required - ELMS"
[2025-11-03 20:06:31] [custom_notification] [OK] to=jeromedichos898@gmail.com subject="New Leave Request - Action Required - ELMS"
[2025-11-03 20:07:02] [custom_notification] [OK] to=jeromedichos898@gmail.com subject="New Leave Request - Action Required - ELMS"
[2025-11-03 20:08:43] [custom_notification] [OK] to=jeromedichos898@gmail.com subject="New Leave Request - Action Required - ELMS"
[2025-11-03 20:17:14] [custom_notification] [OK] to=jeromedichos898@gmail.com subject="New Leave Request - Action Required - ELMS"
[2025-11-03 20:17:32] [leave_status] [OK] to=erictorion94@gmail.com subject="📋 Leave Request Approved by Department Head - ELMS"
[2025-11-03 20:17:37] [custom_notification] [OK] to=directorhead999@gmail.com subject="Leave Request Approved by Department Head - Action Required - ELMS"
[2025-11-03 20:17:49] [leave_status] [OK] to=erictorion94@gmail.com subject="📋 Leave Request Approved by Department Head - ELMS"
[2025-11-03 20:17:53] [custom_notification] [OK] to=directorhead999@gmail.com subject="Leave Request Approved by Department Head - Action Required - ELMS"
[2025-11-03 20:18:20] [leave_status] [OK] to=erictorion94@gmail.com subject="📄 Leave Request - ELMS"
[2025-11-03 20:20:08] [custom_notification] [OK] to=jeromedichos898@gmail.com subject="New Leave Request - Action Required - ELMS"
[2025-11-03 20:20:57] [leave_status] [OK] to=erictorion94@gmail.com subject="📋 Leave Request Approved by Department Head - ELMS"
[2025-11-03 20:21:00] [custom_notification] [OK] to=directorhead999@gmail.com subject="Leave Request Approved by Department Head - Action Required - ELMS"
[2025-11-03 20:21:41] [leave_status] [OK] to=erictorion94@gmail.com subject="📄 Leave Request - ELMS"
[2025-11-03 20:22:06] [leave_status] [OK] to=erictorion94@gmail.com subject="❌ Leave Request - ELMS"
[2025-11-03 20:36:22] [custom_notification] [OK] to=jeromedichos898@gmail.com subject="New Leave Request - Action Required - ELMS"
[2025-11-03 20:40:07] [leave_status] [OK] to=erictorion94@gmail.com subject="📋 Leave Request Approved by Department Head - ELMS"
[2025-11-03 20:40:12] [custom_notification] [OK] to=directorhead999@gmail.com subject="Leave Request Approved by Department Head - Action Required - ELMS"
[2025-11-03 20:43:55] [custom_notification] [OK] to=jeromedichos898@gmail.com subject="New Leave Request - Action Required - ELMS"
[2025-11-03 20:45:43] [custom_notification] [OK] to=jeromedichos898@gmail.com subject="New Leave Request - Action Required - ELMS"
[2025-11-03 21:18:56] [custom_notification] [OK] to=departmenthead999@gmail.com subject="New Leave Request - Action Required - ELMS"
[2025-11-03 21:19:14] [leave_status] [OK] to=erictorion1@gmail.com subject="📋 Leave Request Approved by Department Head - ELMS"
[2025-11-03 21:19:18] [custom_notification] [OK] to=directorhead999@gmail.com subject="Leave Request Approved by Department Head - Action Required - ELMS"
[2025-11-03 21:19:54] [leave_status] [OK] to=erictorion1@gmail.com subject="📄 Leave Request - ELMS"
[2025-11-21 15:31:05] [custom_notification] [FAIL] to=jeromedichos898@gmail.com subject="New Leave Request - Action Required - ELMS" error=SMTP Error: Could not connect to SMTP host. Failed to connect to server
[2025-11-21 15:32:07] [leave_status] [FAIL] to=erictorion94@gmail.com subject="Leave Request - ELMS" error=SMTP Error: Could not connect to SMTP host. Failed to connect to server
[2025-11-21 15:32:28] [custom_notification] [FAIL] to=directorhead999@gmail.com subject="Leave Request Approved by Department Head - Action Required - ELMS" error=SMTP Error: Could not connect to SMTP host. Failed to connect to server
[2025-11-21 15:32:58] [leave_status] [OK] to=erictorion94@gmail.com subject="📄 Leave Request - ELMS"
[2025-11-21 15:35:12] [custom_notification] [OK] to=jeromedichos898@gmail.com subject="New Leave Request - Action Required - ELMS"
[2025-11-22 14:25:25] [custom_notification] [OK] to=jeromedichos898@gmail.com subject="New Leave Request - Action Required - ELMS"
[2025-11-22 14:34:05] [leave_status] [OK] to=erictorion94@gmail.com subject="📋 Leave Request Approved by Department Head - ELMS"
[2025-11-22 14:34:09] [custom_notification] [OK] to=directorhead999@gmail.com subject="Leave Request Approved by Department Head - Action Required - ELMS"
[2025-11-22 15:46:26] [custom_notification] [OK] to=jeromedichos898@gmail.com subject="New Leave Request - Action Required - ELMS"
[2025-11-22 15:50:16] [leave_status] [OK] to=erictorion94@gmail.com subject="📋 Leave Request Approved by Department Head - ELMS"
[2025-11-22 16:08:06] [custom_notification] [OK] to=departmenthead999@gmail.com subject="New Leave Request - Action Required - ELMS"
[2025-11-22 16:08:33] [leave_status] [OK] to=erictorion1@gmail.com subject="📋 Leave Request Approved by Department Head - ELMS"
[2025-11-22 16:19:48] [custom_notification] [OK] to=departmenthead999@gmail.com subject="New Leave Request - Action Required - ELMS"
[2025-11-22 16:20:36] [leave_status] [OK] to=erictorion1@gmail.com subject="📋 Leave Request Approved by Department Head - ELMS"
[2025-11-22 16:35:18] [custom_notification] [OK] to=departmenthead999@gmail.com subject="New Leave Request - Action Required - ELMS"
[2025-11-22 16:35:36] [leave_status] [OK] to=erictorion1@gmail.com subject="📋 Leave Request Approved by Department Head - ELMS"
[2025-11-22 16:40:28] [leave_status] [OK] to=erictorion1@gmail.com subject="🧑‍💼 Leave Request Approved by HR - ELMS"
[2025-11-22 16:40:31] [custom_notification] [OK] to=directorhead999@gmail.com subject="Leave Request Approved by Department Head - Action Required - ELMS"
[2025-11-22 16:45:23] [leave_status] [OK] to=erictorion1@gmail.com subject="🧑‍💼 Leave Request Approved by HR - ELMS"
[2025-11-22 16:45:26] [custom_notification] [OK] to=directorhead999@gmail.com subject="Leave Request Approved by HR - Action Required - ELMS"
[2025-11-22 16:47:54] [leave_status] [OK] to=erictorion94@gmail.com subject="📋 Leave Request Approved by Department Head - ELMS"
[2025-11-22 16:51:10] [leave_status] [OK] to=erictorion1@gmail.com subject="📄 Leave Request - ELMS"
[2025-11-22 16:51:24] [leave_status] [OK] to=erictorion1@gmail.com subject="📄 Leave Request - ELMS"
[2025-11-22 16:53:07] [custom_notification] [OK] to=jeromedichos898@gmail.com subject="New Leave Request - Action Required - ELMS"
[2025-11-22 16:54:40] [leave_status] [OK] to=erictorion94@gmail.com subject="📋 Leave Request Approved by Department Head - ELMS"
[2025-11-22 16:54:52] [leave_status] [OK] to=erictorion94@gmail.com subject="🧑‍💼 Leave Request Approved by HR - ELMS"
[2025-11-22 16:54:55] [custom_notification] [OK] to=directorhead999@gmail.com subject="Leave Request Approved by HR - Action Required - ELMS"
[2025-11-22 16:59:39] [custom_notification] [OK] to=departmenthead999@gmail.com subject="New Leave Request - Action Required - ELMS"
[2025-11-22 17:00:15] [leave_status] [OK] to=erictorion1@gmail.com subject="Leave Request Approved by Department Head - ELMS"
[2025-11-22 17:00:35] [leave_status] [OK] to=erictorion1@gmail.com subject="Leave Request Approved by HR - ELMS"
[2025-11-22 17:00:38] [custom_notification] [OK] to=directorhead999@gmail.com subject="Leave Request Approved by HR - Action Required - ELMS"
[2025-11-22 18:23:11] [custom_notification] [OK] to=departmenthead999@gmail.com subject="New Leave Request - Action Required - ELMS"
[2025-11-22 18:33:19] [custom_notification] [OK] to=departmenthead999@gmail.com subject="New Leave Request - Action Required - ELMS"
[2025-11-22 18:33:46] [custom_notification] [OK] to=departmenthead999@gmail.com subject="New Leave Request - Action Required - ELMS"
[2025-11-22 18:35:18] [custom_notification] [OK] to=departmenthead999@gmail.com subject="New Leave Request - Action Required - ELMS"
[2025-11-22 18:35:21] [custom_notification] [OK] to=4dmin890@gmail.com subject="New Leave Application Submitted - ELMS"
[2025-11-22 18:36:16] [leave_status] [OK] to=erictorion94@gmail.com subject="Leave Request Approved by Department Head - ELMS"
[2025-11-22 18:36:19] [custom_notification] [OK] to=4dmin890@gmail.com subject="Leave Request Approved by Department Head - HR Review Needed - ELMS"
[2025-11-22 18:39:42] [leave_status] [OK] to=erictorion94@gmail.com subject="Leave Request Approved by Department Head - ELMS"
[2025-11-22 18:39:45] [custom_notification] [OK] to=4dmin890@gmail.com subject="Leave Request Approved by Department Head - HR Review Needed - ELMS"
[2025-11-22 18:47:43] [leave_status] [OK] to=erictorion94@gmail.com subject="Leave Request Approved by Department Head - ELMS"
[2025-11-22 18:47:46] [custom_notification] [OK] to=4dmin890@gmail.com subject="Leave Request Approved by Department Head - HR Review Needed - ELMS"
[2025-11-22 19:58:03] [custom_notification] [FAIL] to=jeromedichos898@gmail.com subject="New Leave Request - Action Required - ELMS" error=SMTP Error: Could not connect to SMTP host. Failed to connect to server
[2025-11-22 19:58:03] [custom_notification] [FAIL] to=4dmin890@gmail.com subject="New Leave Application Submitted - ELMS" error=SMTP Error: Could not connect to SMTP host. Failed to connect to server
[2025-11-22 19:58:37] [leave_status] [FAIL] to=erictorion94@gmail.com subject="Leave Request - ELMS" error=SMTP Error: Could not connect to SMTP host. Failed to connect to server
[2025-11-22 19:58:37] [custom_notification] [FAIL] to=4dmin890@gmail.com subject="Leave Request Approved by Department Head - HR Review Needed - ELMS" error=SMTP Error: Could not connect to SMTP host. Failed to connect to server
[2025-11-22 19:58:52] [leave_status] [FAIL] to=erictorion94@gmail.com subject="Leave Request - ELMS" error=SMTP Error: Could not connect to SMTP host. Failed to connect to server
[2025-11-22 19:58:52] [custom_notification] [FAIL] to=directorhead999@gmail.com subject="Leave Request Approved by HR - Action Required - ELMS" error=SMTP Error: Could not connect to SMTP host. Failed to connect to server
[2025-11-22 20:14:47] [leave_status] [OK] to=erictorion94@gmail.com subject="Leave Request Approved by Department Head - ELMS"
[2025-11-22 20:14:51] [custom_notification] [OK] to=4dmin890@gmail.com subject="Leave Request Approved by Department Head - HR Review Needed - ELMS"
[2025-11-22 20:15:32] [custom_notification] [OK] to=jeromedichos898@gmail.com subject="New Leave Request - Action Required - ELMS"
[2025-11-22 20:15:35] [custom_notification] [OK] to=4dmin890@gmail.com subject="New Leave Application Submitted - ELMS"
[2025-11-22 20:27:26] [leave_status] [OK] to=erictorion94@gmail.com subject="Leave Request Approved by Department Head - ELMS"
[2025-11-22 20:27:30] [custom_notification] [OK] to=4dmin890@gmail.com subject="Leave Request Approved by Department Head - HR Review Needed - ELMS"
[2025-11-22 20:27:59] [custom_notification] [OK] to=jeromedichos898@gmail.com subject="New Leave Request - Action Required - ELMS"
[2025-11-22 20:28:02] [custom_notification] [OK] to=4dmin890@gmail.com subject="New Leave Application Submitted - ELMS"
[2025-11-22 20:28:32] [leave_status] [OK] to=erictorion94@gmail.com subject="Leave Request Approved by HR - ELMS"
[2025-11-22 20:28:35] [custom_notification] [OK] to=directorhead999@gmail.com subject="Leave Request Approved by HR - Action Required - ELMS"
[2025-11-22 20:29:31] [leave_status] [OK] to=erictorion94@gmail.com subject="Leave Request - ELMS"
[2025-11-22 20:38:04] [leave_status] [OK] to=erictorion94@gmail.com subject="Leave Request Approved by Department Head - ELMS"
[2025-11-22 20:38:08] [custom_notification] [OK] to=4dmin890@gmail.com subject="Leave Request Approved by Department Head - HR Review Needed - ELMS"
[2025-11-22 20:38:32] [leave_status] [OK] to=erictorion94@gmail.com subject="Leave Request Approved by HR - ELMS"
[2025-11-22 20:38:35] [custom_notification] [OK] to=directorhead999@gmail.com subject="Leave Request Approved by HR - Action Required - ELMS"
[2025-11-22 20:40:43] [leave_status] [OK] to=erictorion94@gmail.com subject="Leave Request Approved by Department Head - ELMS"
[2025-11-22 20:40:47] [custom_notification] [OK] to=4dmin890@gmail.com subject="Leave Request Approved by Department Head - HR Review Needed - ELMS"
[2025-11-22 20:45:19] [leave_status] [OK] to=erictorion94@gmail.com subject="Leave Request - ELMS"
[2025-11-22 20:45:47] [leave_status] [OK] to=erictorion1@gmail.com subject="Leave Request Approved by Department Head - ELMS"
[2025-11-22 20:45:51] [custom_notification] [OK] to=4dmin890@gmail.com subject="Leave Request Approved by Department Head - HR Review Needed - ELMS"
[2025-11-22 20:46:26] [leave_status] [OK] to=erictorion1@gmail.com subject="Leave Request Approved by HR - ELMS"
[2025-11-22 20:46:29] [custom_notification] [OK] to=directorhead999@gmail.com subject="Leave Request Approved by HR - Action Required - ELMS"
[2025-11-22 20:48:43] [leave_status] [OK] to=erictorion1@gmail.com subject="Leave Request Approved by Department Head - ELMS"
[2025-11-22 20:48:47] [custom_notification] [OK] to=4dmin890@gmail.com subject="Leave Request Approved by Department Head - HR Review Needed - ELMS"
[2025-11-22 20:56:32] [leave_status] [OK] to=erictorion1@gmail.com subject="Leave Request Approved by HR - ELMS"
[2025-11-22 20:56:35] [custom_notification] [OK] to=directorhead999@gmail.com subject="Leave Request Approved by HR - Action Required - ELMS"
[2025-11-23 22:26:33] [custom_notification] [OK] to=jeromedichos898@gmail.com subject="New Leave Request - Action Required - ELMS"
[2025-11-23 22:26:37] [custom_notification] [OK] to=4dmin890@gmail.com subject="New Leave Application Submitted - ELMS"
[2025-11-23 23:27:28] [custom_notification] [OK] to=jeromedichos898@gmail.com subject="New Leave Request - Action Required - ELMS"
[2025-11-23 23:27:32] [custom_notification] [OK] to=4dmin890@gmail.com subject="New Leave Application Submitted - ELMS"
[2025-11-25 17:56:40] [custom_notification] [OK] to=departmenthead999@gmail.com subject="New Leave Request - Action Required - ELMS"
[2025-11-25 17:56:43] [custom_notification] [OK] to=4dmin890@gmail.com subject="New Leave Application Submitted - ELMS"
[2025-11-25 21:11:07] [custom_notification] [OK] to=departmenthead999@gmail.com subject="New Leave Request - Action Required - ELMS"
[2025-11-25 21:11:11] [custom_notification] [OK] to=4dmin890@gmail.com subject="New Leave Application Submitted - ELMS"
[2025-11-25 21:26:26] [leave_status] [OK] to=joshuadizonalisoso@gmail.com subject="Leave Request Approved by Department Head - ELMS"
[2025-11-25 21:26:29] [custom_notification] [OK] to=4dmin890@gmail.com subject="Leave Request Approved by Department Head - HR Review Needed - ELMS"
[2025-11-25 21:30:24] [leave_status] [OK] to=joshuadizonalisoso@gmail.com subject="Leave Request - ELMS"
[2025-11-25 21:46:02] [custom_notification] [OK] to=departmenthead999@gmail.com subject="New Leave Request - Action Required - ELMS"
[2025-11-25 21:46:06] [custom_notification] [OK] to=4dmin890@gmail.com subject="New Leave Application Submitted - ELMS"
[2025-11-25 22:08:17] [leave_status] [OK] to=joshuadizonalisoso@gmail.com subject="Leave Request Approved by HR - ELMS"
[2025-11-25 22:08:21] [custom_notification] [OK] to=directorhead999@gmail.com subject="Leave Request Approved by HR - Action Required - ELMS"
[2025-11-25 22:24:52] [leave_status] [OK] to=joshuadizonalisoso@gmail.com subject="Leave Request - ELMS"
[2025-11-25 22:25:53] [custom_notification] [OK] to=jeromedichos898@gmail.com subject="New Leave Request - Action Required - ELMS"
[2025-11-25 22:25:56] [custom_notification] [OK] to=4dmin890@gmail.com subject="New Leave Application Submitted - ELMS"
[2025-11-25 22:28:21] [leave_status] [OK] to=erictorion94@gmail.com subject="Leave Request Approved by Department Head - ELMS"
[2025-11-25 22:28:24] [custom_notification] [OK] to=4dmin890@gmail.com subject="Leave Request Approved by Department Head - HR Review Needed - ELMS"
[2025-11-25 22:35:44] [custom_notification] [OK] to=jeromedichos898@gmail.com subject="New Leave Request - Action Required - ELMS"
[2025-11-25 22:35:48] [custom_notification] [OK] to=4dmin890@gmail.com subject="New Leave Application Submitted - ELMS"
[2025-11-25 22:52:47] [custom_notification] [OK] to=jeromedichos898@gmail.com subject="New Leave Request - Action Required - ELMS"
[2025-11-25 22:52:50] [custom_notification] [OK] to=4dmin890@gmail.com subject="New Leave Application Submitted - ELMS"
[2025-11-25 22:53:28] [leave_status] [OK] to=erictorion94@gmail.com subject="Leave Request Approved by Department Head - ELMS"
[2025-11-25 22:53:31] [custom_notification] [OK] to=4dmin890@gmail.com subject="Leave Request Approved by Department Head - HR Review Needed - ELMS"
[2025-11-25 22:53:42] [leave_status] [OK] to=erictorion94@gmail.com subject="Leave Request Approved by HR - ELMS"
[2025-11-25 22:53:46] [custom_notification] [OK] to=directorhead999@gmail.com subject="Leave Request Approved by HR - Action Required - ELMS"
[2025-11-25 23:01:38] [leave_status] [OK] to=erictorion94@gmail.com subject="Leave Request Approved by HR - ELMS"
[2025-11-25 23:01:44] [custom_notification] [OK] to=directorhead999@gmail.com subject="Leave Request Approved by HR - Action Required - ELMS"
[2025-11-25 23:02:10] [leave_status] [OK] to=erictorion94@gmail.com subject="Leave Request - ELMS"
[2025-11-26 11:42:37] [leave_status] [OK] to=joshuadizonalisoso@gmail.com subject="Leave Request Approved by Department Head - ELMS"
[2025-11-26 11:42:41] [custom_notification] [OK] to=4dmin890@gmail.com subject="Leave Request Approved by Department Head - HR Review Needed - ELMS"
[2025-11-26 11:46:13] [leave_status] [OK] to=erictorion1@gmail.com subject="Leave Request Approved by Department Head - ELMS"
[2025-11-26 11:46:16] [custom_notification] [OK] to=4dmin890@gmail.com subject="Leave Request Approved by Department Head - HR Review Needed - ELMS"
[2025-11-26 11:46:39] [leave_status] [OK] to=joshuadizonalisoso@gmail.com subject="Leave Request Approved by HR - ELMS"
[2025-11-26 11:46:43] [custom_notification] [OK] to=directorhead999@gmail.com subject="Leave Request Approved by HR - Action Required - ELMS"
[2025-11-26 21:58:36] [leave_status] [OK] to=erictorion1@gmail.com subject="Leave Request Approved by HR - ELMS"
[2025-11-26 21:58:40] [custom_notification] [OK] to=directorhead999@gmail.com subject="Leave Request Approved by HR - Action Required - ELMS"
[2025-11-29 15:36:39] [custom_notification] [OK] to=jeromedichos898@gmail.com subject="New Leave Request - Action Required - ELMS"
[2025-11-29 15:36:43] [custom_notification] [OK] to=4dmin890@gmail.com subject="New Leave Application Submitted - ELMS"
[2025-11-29 17:11:00] [custom_notification] [OK] to=jeromedichos898@gmail.com subject="New Leave Request - Action Required - ELMS"
[2025-11-29 17:11:04] [custom_notification] [OK] to=4dmin890@gmail.com subject="New Leave Application Submitted - ELMS"
[2025-11-29 17:37:41] [custom_notification] [OK] to=jeromedichos898@gmail.com subject="New Leave Request - Action Required - ELMS"
[2025-11-29 17:37:44] [custom_notification] [OK] to=4dmin890@gmail.com subject="New Leave Application Submitted - ELMS"
[2025-11-29 20:18:02] [leave_status] [OK] to=erictorion94@gmail.com subject="Leave Request Approved by Department Head - ELMS"
[2025-11-29 20:18:07] [custom_notification] [OK] to=4dmin890@gmail.com subject="Leave Request Approved by Department Head - HR Review Needed - ELMS"
[2025-11-29 20:18:18] [leave_status] [OK] to=erictorion94@gmail.com subject="Leave Request Approved by Department Head - ELMS"
[2025-11-29 20:18:20] [custom_notification] [OK] to=4dmin890@gmail.com subject="Leave Request Approved by Department Head - HR Review Needed - ELMS"
[2025-11-29 20:18:32] [leave_status] [OK] to=erictorion94@gmail.com subject="Leave Request Approved by Department Head - ELMS"
[2025-11-29 20:18:36] [custom_notification] [OK] to=4dmin890@gmail.com subject="Leave Request Approved by Department Head - HR Review Needed - ELMS"
[2025-11-29 20:18:48] [leave_status] [OK] to=erictorion1@gmail.com subject="Leave Request Approved by Department Head - ELMS"
[2025-11-29 20:18:52] [custom_notification] [OK] to=4dmin890@gmail.com subject="Leave Request Approved by Department Head - HR Review Needed - ELMS"
[2025-11-29 20:19:11] [leave_status] [OK] to=erictorion1@gmail.com subject="Leave Request Approved by HR - ELMS"
[2025-11-29 20:19:14] [custom_notification] [OK] to=directorhead999@gmail.com subject="Leave Request Approved by HR - Action Required - ELMS"
[2025-11-29 20:19:24] [leave_status] [OK] to=erictorion94@gmail.com subject="Leave Request Approved by HR - ELMS"
[2025-11-29 20:19:28] [custom_notification] [OK] to=directorhead999@gmail.com subject="Leave Request Approved by HR - Action Required - ELMS"
[2025-11-29 20:19:39] [leave_status] [OK] to=erictorion94@gmail.com subject="Leave Request Approved by HR - ELMS"
[2025-11-29 20:19:42] [custom_notification] [OK] to=directorhead999@gmail.com subject="Leave Request Approved by HR - Action Required - ELMS"
[2025-11-29 20:19:53] [leave_status] [OK] to=erictorion94@gmail.com subject="Leave Request Approved by HR - ELMS"
[2025-11-29 20:19:57] [custom_notification] [OK] to=directorhead999@gmail.com subject="Leave Request Approved by HR - Action Required - ELMS"
[2025-11-29 20:20:45] [leave_status] [OK] to=erictorion94@gmail.com subject="Leave Request - ELMS"
[2025-11-29 20:20:59] [leave_status] [OK] to=erictorion94@gmail.com subject="Leave Request - ELMS"
[2025-11-29 20:21:17] [leave_status] [OK] to=erictorion94@gmail.com subject="Leave Request - ELMS"
[2025-11-29 20:37:07] [custom_notification] [OK] to=departmenthead999@gmail.com subject="New Leave Request - Action Required - ELMS"
[2025-11-29 20:37:10] [custom_notification] [OK] to=4dmin890@gmail.com subject="New Leave Application Submitted - ELMS"
[2025-11-29 21:23:45] [custom_notification] [OK] to=departmenthead999@gmail.com subject="New Leave Request - Action Required - ELMS"
[2025-11-29 21:23:49] [custom_notification] [OK] to=4dmin890@gmail.com subject="New Leave Application Submitted - ELMS"
[2025-12-01 22:32:15] [custom_notification] [OK] to=departmenthead999@gmail.com subject="New Leave Request - Action Required - ELMS"
[2025-12-01 22:32:18] [custom_notification] [OK] to=4dmin890@gmail.com subject="New Leave Application Submitted - ELMS"
[2025-12-01 22:32:49] [custom_notification] [OK] to=departmenthead999@gmail.com subject="New Leave Request - Action Required - ELMS"
[2025-12-01 22:32:52] [custom_notification] [OK] to=4dmin890@gmail.com subject="New Leave Application Submitted - ELMS"
[2025-12-01 22:33:23] [custom_notification] [OK] to=departmenthead999@gmail.com subject="New Leave Request - Action Required - ELMS"
[2025-12-01 22:33:26] [custom_notification] [OK] to=4dmin890@gmail.com subject="New Leave Application Submitted - ELMS"
[2025-12-02 16:05:26] [custom_notification] [OK] to=departmenthead999@gmail.com subject="New Leave Request - Action Required - ELMS"
[2025-12-02 16:05:29] [custom_notification] [OK] to=4dmin890@gmail.com subject="New Leave Application Submitted - ELMS"
[2025-12-02 16:06:33] [leave_status] [OK] to=erictorion1@gmail.com subject="Leave Request Approved by Department Head - ELMS"
[2025-12-02 16:06:37] [custom_notification] [OK] to=4dmin890@gmail.com subject="Leave Request Approved by Department Head - HR Review Needed - ELMS"
[2025-12-02 16:07:42] [leave_status] [OK] to=erictorion1@gmail.com subject="Leave Request Approved by HR - ELMS"
[2025-12-02 16:07:45] [custom_notification] [OK] to=directorhead999@gmail.com subject="Leave Request Approved by HR - Action Required - ELMS"
[2025-12-02 16:11:59] [custom_notification] [OK] to=departmenthead999@gmail.com subject="New Leave Request - Action Required - ELMS"
[2025-12-02 16:12:02] [custom_notification] [OK] to=4dmin890@gmail.com subject="New Leave Application Submitted - ELMS"
[2025-12-02 16:12:19] [leave_status] [OK] to=erictorion1@gmail.com subject="Leave Request - ELMS"
[2025-12-02 16:22:31] [custom_notification] [OK] to=departmenthead999@gmail.com subject="New Leave Request - Action Required - ELMS"
[2025-12-02 16:22:35] [custom_notification] [OK] to=4dmin890@gmail.com subject="New Leave Application Submitted - ELMS"
[2025-12-02 16:23:10] [leave_status] [OK] to=erictorion1@gmail.com subject="Leave Request Approved by Department Head - ELMS"
[2025-12-02 16:23:14] [custom_notification] [OK] to=4dmin890@gmail.com subject="Leave Request Approved by Department Head - HR Review Needed - ELMS"
[2025-12-02 16:28:42] [leave_status] [OK] to=erictorion1@gmail.com subject="Leave Request Approved by HR - ELMS"
[2025-12-02 16:28:48] [custom_notification] [OK] to=directorhead999@gmail.com subject="Leave Request Approved by HR - Action Required - ELMS"
[2025-12-02 16:53:24] [custom_notification] [OK] to=4dmin890@gmail.com subject="New Leave Application Submitted - ELMS"
[2025-12-02 16:56:44] [custom_notification] [FAIL] to=4dmin890@gmail.com subject="New Leave Application Submitted - ELMS" error=SMTP Error: Could not connect to SMTP host. Connection failed. stream_socket_enable_crypto(): SSL: The operation completed successfully
[2025-12-02 17:01:00] [custom_notification] [FAIL] to=departmenthead999@gmail.com subject="New Leave Request - Action Required - ELMS" error=SMTP Error: Could not authenticate.
[2025-12-02 17:01:00] [custom_notification] [FAIL] to=4dmin890@gmail.com subject="New Leave Application Submitted - ELMS" error=SMTP Error: Could not connect to SMTP host. Failed to connect to server
[2025-12-02 17:01:33] [leave_status] [FAIL] to=erictorion1@gmail.com subject="Leave Request - ELMS" error=SMTP Error: Could not connect to SMTP host. Failed to connect to server
[2025-12-02 17:01:33] [custom_notification] [FAIL] to=4dmin890@gmail.com subject="Leave Request Approved by Department Head - HR Review Needed - ELMS" error=SMTP Error: Could not connect to SMTP host. Failed to connect to server
[2025-12-02 17:02:35] [leave_status] [OK] to=erictorion1@gmail.com subject="Leave Request Approved by Department Head - ELMS"
[2025-12-02 17:02:40] [custom_notification] [OK] to=4dmin890@gmail.com subject="Leave Request Approved by Department Head - HR Review Needed - ELMS"
[2025-12-02 17:03:36] [leave_status] [OK] to=erictorion1@gmail.com subject="Leave Request Approved by HR - ELMS"
[2025-12-02 17:03:40] [custom_notification] [OK] to=directorhead999@gmail.com subject="Leave Request Approved by HR - Action Required - ELMS"
[2025-12-02 17:06:26] [leave_status] [OK] to=erictorion1@gmail.com subject="Leave Request - ELMS"
[2025-12-02 17:06:44] [leave_status] [OK] to=erictorion1@gmail.com subject="Leave Request - ELMS"
[2025-12-02 20:45:41] [leave_status] [OK] to=ejohntem@gmail.com subject="Leave Request Approved by Department Head - ELMS"
[2025-12-02 20:45:45] [custom_notification] [OK] to=4dmin890@gmail.com subject="Leave Request Approved by Department Head - HR Review Needed - ELMS"
[2025-12-02 20:46:07] [leave_status] [OK] to=ejohntem@gmail.com subject="Leave Request Approved by HR - ELMS"
[2025-12-02 20:46:12] [custom_notification] [OK] to=directorhead999@gmail.com subject="Leave Request Approved by HR - Action Required - ELMS"
[2025-12-02 20:46:35] [leave_status] [OK] to=ejohntem@gmail.com subject="Leave Request - ELMS"
[2025-12-02 22:07:26] [custom_notification] [FAIL] to=departmenthead999@gmail.com subject="New Leave Request - Action Required - ELMS" error=SMTP Error: Could not connect to SMTP host. Failed to connect to server
[2025-12-02 22:07:26] [custom_notification] [FAIL] to=4dmin890@gmail.com subject="New Leave Application Submitted - ELMS" error=SMTP Error: Could not connect to SMTP host. Failed to connect to server
[2025-12-02 22:08:25] [leave_status] [FAIL] to=ejohntem@gmail.com subject="Leave Request - ELMS" error=SMTP Error: Could not connect to SMTP host. Failed to connect to server
[2025-12-02 22:08:36] [custom_notification] [FAIL] to=4dmin890@gmail.com subject="Leave Request Approved by Department Head - HR Review Needed - ELMS" error=SMTP Error: Could not connect to SMTP host. Failed to connect to server
[2025-12-02 22:09:01] [leave_status] [FAIL] to=ejohntem@gmail.com subject="Leave Request - ELMS" error=SMTP Error: Could not connect to SMTP host. Failed to connect to server
[2025-12-02 22:09:12] [custom_notification] [FAIL] to=directorhead999@gmail.com subject="Leave Request Approved by HR - Action Required - ELMS" error=SMTP Error: Could not connect to SMTP host. Failed to connect to server
[2025-12-02 22:09:39] [leave_status] [FAIL] to=ejohntem@gmail.com subject="Leave Request - ELMS" error=SMTP Error: Could not connect to SMTP host. Failed to connect to server
[2025-12-02 22:14:33] [custom_notification] [OK] to=departmenthead999@gmail.com subject="New Leave Request - Action Required - ELMS"
[2025-12-02 22:14:37] [custom_notification] [OK] to=4dmin890@gmail.com subject="New Leave Application Submitted - ELMS"
[2025-12-02 22:15:19] [custom_notification] [OK] to=departmenthead999@gmail.com subject="New Leave Request - Action Required - ELMS"
[2025-12-02 22:15:40] [custom_notification] [FAIL] to=4dmin890@gmail.com subject="New Leave Application Submitted - ELMS" error=SMTP Error: Could not connect to SMTP host. Failed to connect to server
[2025-12-02 22:16:40] [custom_notification] [FAIL] to=departmenthead999@gmail.com subject="New Leave Request - Action Required - ELMS" error=SMTP Error: Could not connect to SMTP host. Failed to connect to server
[2025-12-02 22:17:01] [custom_notification] [FAIL] to=4dmin890@gmail.com subject="New Leave Application Submitted - ELMS" error=SMTP Error: Could not connect to SMTP host. Failed to connect to server
[2025-12-02 22:21:13] [custom_notification] [OK] to=departmenthead999@gmail.com subject="New Leave Request - Action Required - ELMS"
[2025-12-02 22:21:18] [custom_notification] [OK] to=4dmin890@gmail.com subject="New Leave Application Submitted - ELMS"
[2025-12-02 22:22:30] [custom_notification] [FAIL] to=departmenthead999@gmail.com subject="New Leave Request - Action Required - ELMS" error=SMTP Error: Could not connect to SMTP host. Failed to connect to server
[2025-12-02 22:22:52] [custom_notification] [FAIL] to=4dmin890@gmail.com subject="New Leave Application Submitted - ELMS" error=SMTP Error: Could not connect to SMTP host. Failed to connect to server
[2025-12-02 22:23:11] [leave_status] [OK] to=ejohntem@gmail.com subject="Leave Request Approved by Department Head - ELMS"
[2025-12-02 22:23:30] [custom_notification] [OK] to=4dmin890@gmail.com subject="Leave Request Approved by Department Head - HR Review Needed - ELMS"
[2025-12-02 22:23:47] [leave_status] [OK] to=ejohntem@gmail.com subject="Leave Request Approved by Department Head - ELMS"
[2025-12-02 22:24:08] [custom_notification] [FAIL] to=4dmin890@gmail.com subject="Leave Request Approved by Department Head - HR Review Needed - ELMS" error=SMTP Error: Could not connect to SMTP host. Failed to connect to server
[2025-12-02 22:24:53] [leave_status] [OK] to=ejohntem@gmail.com subject="Leave Request Approved by HR - ELMS"
[2025-12-02 22:25:00] [custom_notification] [OK] to=directorhead999@gmail.com subject="Leave Request Approved by HR - Action Required - ELMS"
[2025-12-02 22:25:32] [leave_status] [FAIL] to=ejohntem@gmail.com subject="Leave Request - ELMS" error=SMTP Error: Could not connect to SMTP host. Failed to connect to server
[2025-12-02 22:25:53] [custom_notification] [FAIL] to=directorhead999@gmail.com subject="Leave Request Approved by HR - Action Required - ELMS" error=SMTP Error: Could not connect to SMTP host. Failed to connect to server
[2025-12-02 22:26:49] [leave_status] [FAIL] to=ejohntem@gmail.com subject="Leave Request - ELMS" error=SMTP Error: Could not connect to SMTP host. Failed to connect to server
[2025-12-02 22:27:09] [leave_status] [OK] to=ejohntem@gmail.com subject="Leave Request - ELMS"
[2025-12-02 22:42:34] [custom_notification] [FAIL] to=departmenthead999@gmail.com subject="New Leave Request - Action Required - ELMS" error=SMTP Error: Could not connect to SMTP host. Failed to connect to server
[2025-12-02 22:42:55] [custom_notification] [FAIL] to=4dmin890@gmail.com subject="New Leave Application Submitted - ELMS" error=SMTP Error: Could not connect to SMTP host. Failed to connect to server
[2025-12-02 23:04:41] [leave_status] [OK] to=ejohntem@gmail.com subject="Leave Request Approved by Department Head - ELMS"
[2025-12-02 23:04:44] [custom_notification] [OK] to=4dmin890@gmail.com subject="Leave Request Approved by Department Head - HR Review Needed - ELMS"
[2025-12-02 23:05:12] [leave_status] [OK] to=ejohntem@gmail.com subject="Leave Request - ELMS"
[2025-12-02 23:07:01] [custom_notification] [OK] to=departmenthead999@gmail.com subject="New Leave Request - Action Required - ELMS"
[2025-12-02 23:07:22] [custom_notification] [FAIL] to=4dmin890@gmail.com subject="New Leave Application Submitted - ELMS" error=SMTP Error: Could not connect to SMTP host. Failed to connect to server
[2025-12-02 23:07:58] [leave_status] [FAIL] to=ejohntem@gmail.com subject="Leave Request - ELMS" error=SMTP Error: Could not connect to SMTP host. Failed to connect to server
[2025-12-02 23:08:09] [custom_notification] [OK] to=4dmin890@gmail.com subject="Leave Request Approved by Department Head - HR Review Needed - ELMS"
[2025-12-02 23:09:26] [leave_status] [OK] to=ejohntem@gmail.com subject="Leave Request - ELMS"
[2025-12-02 23:24:49] [custom_notification] [OK] to=departmenthead999@gmail.com subject="New Leave Request - Action Required - ELMS"
[2025-12-02 23:24:53] [custom_notification] [OK] to=4dmin890@gmail.com subject="New Leave Application Submitted - ELMS"
[2025-12-02 23:33:01] [custom_notification] [OK] to=departmenthead999@gmail.com subject="New Leave Request - Action Required - ELMS"
[2025-12-02 23:33:05] [custom_notification] [OK] to=4dmin890@gmail.com subject="New Leave Application Submitted - ELMS"
[2025-12-02 23:38:09] [custom_notification] [OK] to=departmenthead999@gmail.com subject="New Leave Request - Action Required - ELMS"
[2025-12-02 23:38:14] [custom_notification] [OK] to=4dmin890@gmail.com subject="New Leave Application Submitted - ELMS"
[2025-12-03 00:17:14] [custom_notification] [OK] to=departmenthead999@gmail.com subject="New Leave Request - Action Required - ELMS"
[2025-12-03 00:17:18] [custom_notification] [OK] to=4dmin890@gmail.com subject="New Leave Application Submitted - ELMS"
[2025-12-03 00:17:54] [custom_notification] [OK] to=departmenthead999@gmail.com subject="New Leave Request - Action Required - ELMS"
[2025-12-03 00:17:57] [custom_notification] [OK] to=4dmin890@gmail.com subject="New Leave Application Submitted - ELMS"
[2025-12-03 00:28:36] [custom_notification] [OK] to=departmenthead999@gmail.com subject="New Leave Request - Action Required - ELMS"
[2025-12-03 00:28:40] [custom_notification] [OK] to=4dmin890@gmail.com subject="New Leave Application Submitted - ELMS"
[2025-12-03 00:32:48] [leave_status] [OK] to=erictorion94@gmail.com subject="Leave Request - ELMS"
[2025-12-03 00:33:00] [leave_status] [OK] to=ejohntem@gmail.com subject="Leave Request Approved by Department Head - ELMS"
[2025-12-03 00:33:04] [custom_notification] [OK] to=4dmin890@gmail.com subject="Leave Request Approved by Department Head - HR Review Needed - ELMS"
[2025-12-03 00:34:54] [custom_notification] [OK] to=departmenthead999@gmail.com subject="New Leave Request - Action Required - ELMS"
[2025-12-03 00:34:58] [custom_notification] [OK] to=4dmin890@gmail.com subject="New Leave Application Submitted - ELMS"
[2025-12-03 00:35:16] [leave_status] [OK] to=erictorion94@gmail.com subject="Leave Request Approved by Department Head - ELMS"
[2025-12-03 00:35:20] [custom_notification] [OK] to=4dmin890@gmail.com subject="Leave Request Approved by Department Head - HR Review Needed - ELMS"
[2025-12-03 00:38:36] [leave_status] [OK] to=erictorion94@gmail.com subject="Leave Request Approved by HR - ELMS"
[2025-12-03 00:38:40] [custom_notification] [OK] to=directorhead999@gmail.com subject="Leave Request Approved by HR - Action Required - ELMS"
[2025-12-03 00:39:48] [leave_status] [OK] to=ejohntem@gmail.com subject="Leave Request Approved by Department Head - ELMS"
[2025-12-03 00:39:51] [custom_notification] [OK] to=4dmin890@gmail.com subject="Leave Request Approved by Department Head - HR Review Needed - ELMS"
[2025-12-03 00:40:41] [custom_notification] [OK] to=departmenthead999@gmail.com subject="New Leave Request - Action Required - ELMS"
[2025-12-03 00:40:45] [custom_notification] [OK] to=4dmin890@gmail.com subject="New Leave Application Submitted - ELMS"
[2025-12-03 00:41:06] [leave_status] [OK] to=erictorion94@gmail.com subject="Leave Request Approved by Department Head - ELMS"
[2025-12-03 00:41:10] [custom_notification] [OK] to=4dmin890@gmail.com subject="Leave Request Approved by Department Head - HR Review Needed - ELMS"
[2025-12-03 00:43:13] [custom_notification] [OK] to=departmenthead999@gmail.com subject="New Leave Request - Action Required - ELMS"
[2025-12-03 00:43:16] [custom_notification] [OK] to=4dmin890@gmail.com subject="New Leave Application Submitted - ELMS"
[2025-12-03 00:48:53] [leave_status] [OK] to=erictorion94@gmail.com subject="Leave Request - ELMS"
[2025-12-03 00:51:18] [leave_status] [OK] to=erictorion94@gmail.com subject="Leave Request - ELMS"
[2025-12-03 00:57:05] [leave_status] [OK] to=erictorion94@gmail.com subject="Leave Request - ELMS"
[2025-12-03 00:59:05] [custom_notification] [OK] to=departmenthead999@gmail.com subject="New Leave Request - Action Required - ELMS"
[2025-12-03 00:59:08] [custom_notification] [OK] to=4dmin890@gmail.com subject="New Leave Application Submitted - ELMS"
[2025-12-03 00:59:40] [leave_status] [OK] to=erictorion94@gmail.com subject="Leave Request Approved by Department Head - ELMS"
[2025-12-03 00:59:44] [custom_notification] [OK] to=4dmin890@gmail.com subject="Leave Request Approved by Department Head - HR Review Needed - ELMS"
[2025-12-03 01:00:04] [leave_status] [OK] to=erictorion94@gmail.com subject="Leave Request Approved by HR - ELMS"
[2025-12-03 01:00:08] [custom_notification] [OK] to=directorhead999@gmail.com subject="Leave Request Approved by HR - Action Required - ELMS"
[2025-12-03 01:00:26] [leave_status] [OK] to=erictorion94@gmail.com subject="Leave Request - ELMS"
[2025-12-03 01:52:57] [custom_notification] [OK] to=departmenthead999@gmail.com subject="New Leave Request - Action Required - ELMS"
[2025-12-03 01:53:02] [custom_notification] [OK] to=4dmin890@gmail.com subject="New Leave Application Submitted - ELMS"
[2025-12-03 01:56:20] [custom_notification] [OK] to=departmenthead999@gmail.com subject="New Leave Request - Action Required - ELMS"
[2025-12-03 01:56:24] [custom_notification] [OK] to=4dmin890@gmail.com subject="New Leave Application Submitted - ELMS"
[2025-12-03 01:57:04] [leave_status] [OK] to=erictorion94@gmail.com subject="Leave Request Approved by Department Head - ELMS"
[2025-12-03 01:57:08] [custom_notification] [OK] to=4dmin890@gmail.com subject="Leave Request Approved by Department Head - HR Review Needed - ELMS"
[2025-12-03 01:57:35] [leave_status] [OK] to=erictorion94@gmail.com subject="Leave Request Approved by HR - ELMS"
[2025-12-03 01:57:39] [custom_notification] [OK] to=directorhead999@gmail.com subject="Leave Request Approved by HR - Action Required - ELMS"
[2025-12-03 01:58:02] [leave_status] [OK] to=erictorion94@gmail.com subject="Leave Request - ELMS"
[2025-12-03 16:51:21] [custom_notification] [OK] to=jhaizzatan@gmail.com subject="New Leave Request - Action Required - ELMS"
[2025-12-03 16:51:28] [custom_notification] [OK] to=4dmin890@gmail.com subject="New Leave Application Submitted - ELMS"
[2025-12-03 16:51:56] [leave_status] [OK] to=ejohntem@gmail.com subject="Leave Request Approved by Department Head - ELMS"
[2025-12-03 16:52:02] [custom_notification] [OK] to=4dmin890@gmail.com subject="Leave Request Approved by Department Head - HR Review Needed - ELMS"
[2025-12-03 16:52:36] [leave_status] [OK] to=ejohntem@gmail.com subject="Leave Request Approved by HR - ELMS"
[2025-12-03 16:53:15] [custom_notification] [OK] to=directorhead999@gmail.com subject="Leave Request Approved by HR - Action Required - ELMS"
[2025-12-03 16:53:54] [leave_status] [OK] to=ejohntem@gmail.com subject="Leave Request - ELMS"
[2025-12-03 17:00:58] [custom_notification] [OK] to=departmenthead999@gmail.com subject="New Leave Request - Action Required - ELMS"
[2025-12-03 17:01:02] [custom_notification] [OK] to=4dmin890@gmail.com subject="New Leave Application Submitted - ELMS"
[2025-12-03 17:19:27] [leave_status] [OK] to=erictorion94@gmail.com subject="Leave Request Approved by Department Head - ELMS"
[2025-12-03 17:19:31] [custom_notification] [OK] to=4dmin890@gmail.com subject="Leave Request Approved by Department Head - HR Review Needed - ELMS"
[2025-12-03 17:19:49] [leave_status] [OK] to=erictorion94@gmail.com subject="Leave Request Approved by HR - ELMS"
[2025-12-03 17:19:53] [custom_notification] [OK] to=directorhead999@gmail.com subject="Leave Request Approved by HR - Action Required - ELMS"
[2025-12-03 17:26:56] [leave_status] [OK] to=erictorion94@gmail.com subject="Leave Request - ELMS"
[2025-12-03 19:38:45] [custom_notification] [OK] to=jhaizzatan@gmail.com subject="New Leave Request - Action Required - ELMS"
[2025-12-03 19:38:49] [custom_notification] [OK] to=4dmin890@gmail.com subject="New Leave Application Submitted - ELMS"
[2025-12-03 19:39:13] [leave_status] [OK] to=ejohntem@gmail.com subject="Leave Request Approved by Department Head - ELMS"
[2025-12-03 19:39:16] [custom_notification] [OK] to=4dmin890@gmail.com subject="Leave Request Approved by Department Head - HR Review Needed - ELMS"
[2025-12-03 19:39:30] [leave_status] [OK] to=ejohntem@gmail.com subject="Leave Request Approved by HR - ELMS"
[2025-12-03 19:39:34] [custom_notification] [OK] to=directorhead999@gmail.com subject="Leave Request Approved by HR - Action Required - ELMS"
[2025-12-03 21:15:47] [custom_notification] [OK] to=departmenthead999@gmail.com subject="New Leave Request - Action Required - ELMS"
[2025-12-03 21:15:51] [custom_notification] [OK] to=4dmin890@gmail.com subject="New Leave Application Submitted - ELMS"
[2025-12-03 21:17:53] [leave_status] [OK] to=joshuadizonalisoso@gmail.com subject="Leave Request - ELMS"
[2025-12-03 21:21:27] [custom_notification] [OK] to=departmenthead999@gmail.com subject="New Leave Request - Action Required - ELMS"
[2025-12-03 21:21:31] [custom_notification] [OK] to=4dmin890@gmail.com subject="New Leave Application Submitted - ELMS"
[2025-12-03 21:22:29] [leave_status] [OK] to=joshuadizonalisoso@gmail.com subject="Leave Request Approved by Department Head - ELMS"
[2025-12-03 21:22:32] [custom_notification] [OK] to=4dmin890@gmail.com subject="Leave Request Approved by Department Head - HR Review Needed - ELMS"
[2025-12-03 21:22:45] [leave_status] [OK] to=joshuadizonalisoso@gmail.com subject="Leave Request Approved by HR - ELMS"
[2025-12-03 21:22:48] [custom_notification] [OK] to=directorhead999@gmail.com subject="Leave Request Approved by HR - Action Required - ELMS"
[2025-12-03 21:23:57] [leave_status] [OK] to=joshuadizonalisoso@gmail.com subject="Leave Request - ELMS"
[2025-12-04 11:12:57] [custom_notification] [OK] to=departmenthead999@gmail.com subject="New Leave Request - Action Required - ELMS"
[2025-12-04 11:13:00] [custom_notification] [OK] to=4dmin890@gmail.com subject="New Leave Application Submitted - ELMS"
[2025-12-04 11:16:50] [custom_notification] [OK] to=departmenthead999@gmail.com subject="New Leave Request - Action Required - ELMS"
[2025-12-04 11:16:53] [custom_notification] [OK] to=4dmin890@gmail.com subject="New Leave Application Submitted - ELMS"
[2025-12-04 11:22:04] [custom_notification] [OK] to=departmenthead999@gmail.com subject="New Leave Request - Action Required - ELMS"
[2025-12-04 11:22:08] [custom_notification] [OK] to=4dmin890@gmail.com subject="New Leave Application Submitted - ELMS"
[2025-12-04 11:29:52] [custom_notification] [OK] to=departmenthead999@gmail.com subject="New Leave Request - Action Required - ELMS"
[2025-12-04 11:29:55] [custom_notification] [OK] to=4dmin890@gmail.com subject="New Leave Application Submitted - ELMS"
[2025-12-04 11:52:33] [custom_notification] [OK] to=4dmin890@gmail.com subject="New Leave Application Submitted - ELMS"
[2025-12-04 12:30:53] [custom_notification] [OK] to=departmenthead999@gmail.com subject="New Leave Request - Action Required - ELMS"
[2025-12-04 12:30:57] [custom_notification] [OK] to=4dmin890@gmail.com subject="New Leave Application Submitted - ELMS"
[2025-12-04 12:41:30] [leave_status] [OK] to=erictorion94@gmail.com subject="Leave Request Approved by Department Head - ELMS"
[2025-12-04 12:41:34] [custom_notification] [OK] to=4dmin890@gmail.com subject="Leave Request Approved by Department Head - HR Review Needed - ELMS"
[2025-12-04 12:41:50] [leave_status] [OK] to=erictorion94@gmail.com subject="Leave Request Approved by HR - ELMS"
[2025-12-04 12:41:53] [custom_notification] [OK] to=directorhead999@gmail.com subject="Leave Request Approved by HR - Action Required - ELMS"
[2025-12-04 12:42:23] [leave_status] [OK] to=erictorion94@gmail.com subject="Leave Request - ELMS"
[2025-12-04 12:47:44] [custom_notification] [OK] to=departmenthead999@gmail.com subject="New Leave Request - Action Required - ELMS"
[2025-12-04 12:47:48] [custom_notification] [OK] to=4dmin890@gmail.com subject="New Leave Application Submitted - ELMS"
[2025-12-04 13:01:40] [custom_notification] [OK] to=departmenthead999@gmail.com subject="New Leave Request - Action Required - ELMS"
[2025-12-04 13:01:44] [custom_notification] [OK] to=4dmin890@gmail.com subject="New Leave Application Submitted - ELMS"
[2025-12-04 13:05:54] [leave_status] [OK] to=erictorion94@gmail.com subject="Leave Request Approved by Department Head - ELMS"
[2025-12-04 13:05:57] [custom_notification] [OK] to=4dmin890@gmail.com subject="Leave Request Approved by Department Head - HR Review Needed - ELMS"
[2025-12-04 13:44:45] [leave_status] [OK] to=erictorion94@gmail.com subject="Leave Request Approved by HR - ELMS"
[2025-12-04 13:44:48] [custom_notification] [OK] to=directorhead999@gmail.com subject="Leave Request Approved by HR - Action Required - ELMS"
[2025-12-04 13:49:16] [leave_status] [OK] to=erictorion94@gmail.com subject="Leave Request - ELMS"
[2025-12-04 13:57:00] [leave_status] [OK] to=erictorion94@gmail.com subject="Leave Request Approved by Department Head - ELMS"
[2025-12-04 13:57:03] [custom_notification] [OK] to=4dmin890@gmail.com subject="Leave Request Approved by Department Head - HR Review Needed - ELMS"
[2025-12-04 13:57:31] [leave_status] [OK] to=erictorion94@gmail.com subject="Leave Request Approved by HR - ELMS"
[2025-12-04 13:57:34] [custom_notification] [OK] to=directorhead999@gmail.com subject="Leave Request Approved by HR - Action Required - ELMS"
[2025-12-04 13:58:12] [leave_status] [OK] to=erictorion94@gmail.com subject="Leave Request - ELMS"
[2025-12-04 14:00:58] [custom_notification] [OK] to=departmenthead999@gmail.com subject="New Leave Request - Action Required - ELMS"
[2025-12-04 14:01:02] [custom_notification] [OK] to=4dmin890@gmail.com subject="New Leave Application Submitted - ELMS"
[2025-12-04 14:01:24] [leave_status] [OK] to=erictorion94@gmail.com subject="Leave Request Approved by Department Head - ELMS"
[2025-12-04 14:01:28] [custom_notification] [OK] to=4dmin890@gmail.com subject="Leave Request Approved by Department Head - HR Review Needed - ELMS"
[2025-12-04 14:01:58] [leave_status] [OK] to=erictorion94@gmail.com subject="Leave Request Approved by HR - ELMS"
[2025-12-04 14:02:01] [custom_notification] [OK] to=directorhead999@gmail.com subject="Leave Request Approved by HR - Action Required - ELMS"
[2025-12-04 14:02:29] [leave_status] [OK] to=erictorion94@gmail.com subject="Leave Request - ELMS"
[2025-12-04 15:34:27] [custom_notification] [OK] to=departmenthead999@gmail.com subject="New Leave Request - Action Required - ELMS"
[2025-12-04 15:34:30] [custom_notification] [OK] to=4dmin890@gmail.com subject="New Leave Application Submitted - ELMS"
[2025-12-04 15:35:37] [leave_status] [OK] to=erictorion94@gmail.com subject="Leave Request Approved by Department Head - ELMS"
[2025-12-04 15:35:41] [custom_notification] [OK] to=4dmin890@gmail.com subject="Leave Request Approved by Department Head - HR Review Needed - ELMS"
[2025-12-04 15:36:04] [leave_status] [OK] to=erictorion94@gmail.com subject="Leave Request Approved by HR - ELMS"
[2025-12-04 15:36:07] [custom_notification] [OK] to=directorhead999@gmail.com subject="Leave Request Approved by HR - Action Required - ELMS"
[2025-12-04 15:37:20] [custom_notification] [OK] to=departmenthead999@gmail.com subject="New Leave Request - Action Required - ELMS"
[2025-12-04 15:37:24] [custom_notification] [OK] to=4dmin890@gmail.com subject="New Leave Application Submitted - ELMS"
[2025-12-04 15:45:03] [custom_notification] [OK] to=departmenthead999@gmail.com subject="New Leave Request - Action Required - ELMS"
[2025-12-04 15:45:07] [custom_notification] [OK] to=4dmin890@gmail.com subject="New Leave Application Submitted - ELMS"
[2025-12-04 15:54:21] [custom_notification] [OK] to=departmenthead999@gmail.com subject="New Leave Request - Action Required - ELMS"
[2025-12-04 15:54:24] [custom_notification] [OK] to=4dmin890@gmail.com subject="New Leave Application Submitted - ELMS"
[2025-12-04 16:20:28] [custom_notification] [OK] to=departmenthead999@gmail.com subject="New Leave Request - Action Required - ELMS"
[2025-12-04 16:20:31] [custom_notification] [OK] to=4dmin890@gmail.com subject="New Leave Application Submitted - ELMS"
[2025-12-04 16:37:37] [custom_notification] [OK] to=departmenthead999@gmail.com subject="New Leave Request - Action Required - ELMS"
[2025-12-04 16:37:41] [custom_notification] [OK] to=4dmin890@gmail.com subject="New Leave Application Submitted - ELMS"
[2025-12-04 16:54:21] [custom_notification] [OK] to=departmenthead999@gmail.com subject="New Leave Request - Action Required - ELMS"
[2025-12-04 16:54:25] [custom_notification] [OK] to=4dmin890@gmail.com subject="New Leave Application Submitted - ELMS"
[2025-12-04 16:58:16] [custom_notification] [OK] to=departmenthead999@gmail.com subject="New Leave Request - Action Required - ELMS"
[2025-12-04 16:58:19] [custom_notification] [OK] to=4dmin890@gmail.com subject="New Leave Application Submitted - ELMS"
[2025-12-04 17:01:10] [custom_notification] [OK] to=departmenthead999@gmail.com subject="New Leave Request - Action Required - ELMS"
[2025-12-04 17:01:13] [custom_notification] [OK] to=4dmin890@gmail.com subject="New Leave Application Submitted - ELMS"
[2025-12-04 17:10:27] [custom_notification] [OK] to=departmenthead999@gmail.com subject="New Leave Request - Action Required - ELMS"
[2025-12-04 17:10:30] [custom_notification] [OK] to=4dmin890@gmail.com subject="New Leave Application Submitted - ELMS"
[2025-12-04 17:17:16] [leave_status] [OK] to=erictorion94@gmail.com subject="Leave Request Approved by Department Head - ELMS"
[2025-12-04 17:17:37] [custom_notification] [OK] to=4dmin890@gmail.com subject="Leave Request Approved by Department Head - HR Review Needed - ELMS"
[2025-12-04 17:18:26] [leave_status] [OK] to=erictorion94@gmail.com subject="Leave Request Approved by HR - ELMS"
[2025-12-04 17:18:46] [custom_notification] [OK] to=directorhead999@gmail.com subject="Leave Request Approved by HR - Action Required - ELMS"
[2025-12-04 17:19:15] [leave_status] [OK] to=erictorion94@gmail.com subject="Leave Request - ELMS"
[2025-12-04 17:40:55] [custom_notification] [OK] to=departmenthead999@gmail.com subject="New Leave Request - Action Required - ELMS"
[2025-12-04 17:40:58] [custom_notification] [OK] to=4dmin890@gmail.com subject="New Leave Application Submitted - ELMS"
[2025-12-04 17:46:38] [custom_notification] [OK] to=departmenthead999@gmail.com subject="New Leave Request - Action Required - ELMS"
[2025-12-04 17:46:41] [custom_notification] [OK] to=4dmin890@gmail.com subject="New Leave Application Submitted - ELMS"
[2025-12-04 17:48:46] [custom_notification] [OK] to=departmenthead999@gmail.com subject="New Leave Request - Action Required - ELMS"
[2025-12-04 17:48:50] [custom_notification] [OK] to=4dmin890@gmail.com subject="New Leave Application Submitted - ELMS"
[2025-12-04 17:49:27] [leave_status] [OK] to=erictorion94@gmail.com subject="Leave Request Approved by Department Head - ELMS"
[2025-12-04 17:49:31] [custom_notification] [OK] to=4dmin890@gmail.com subject="Leave Request Approved by Department Head - HR Review Needed - ELMS"
[2025-12-04 17:49:42] [leave_status] [OK] to=erictorion94@gmail.com subject="Leave Request Approved by Department Head - ELMS"
[2025-12-04 17:49:46] [custom_notification] [OK] to=4dmin890@gmail.com subject="Leave Request Approved by Department Head - HR Review Needed - ELMS"
[2025-12-04 17:50:27] [leave_status] [OK] to=erictorion94@gmail.com subject="Leave Request Approved by HR - ELMS"
[2025-12-04 17:50:30] [custom_notification] [OK] to=directorhead999@gmail.com subject="Leave Request Approved by HR - Action Required - ELMS"
[2025-12-04 17:50:41] [leave_status] [OK] to=erictorion94@gmail.com subject="Leave Request Approved by HR - ELMS"
[2025-12-04 17:50:44] [custom_notification] [OK] to=directorhead999@gmail.com subject="Leave Request Approved by HR - Action Required - ELMS"
[2025-12-04 17:51:16] [leave_status] [OK] to=erictorion94@gmail.com subject="Leave Request - ELMS"
[2025-12-04 17:51:41] [leave_status] [OK] to=erictorion94@gmail.com subject="Leave Request - ELMS"
[2025-12-04 18:05:03] [custom_notification] [OK] to=departmenthead999@gmail.com subject="New Leave Request - Action Required - ELMS"
[2025-12-04 18:05:07] [custom_notification] [OK] to=4dmin890@gmail.com subject="New Leave Application Submitted - ELMS"
[2025-12-04 19:00:17] [custom_notification] [OK] to=departmenthead999@gmail.com subject="New Leave Request - Action Required - ELMS"
[2025-12-04 19:00:21] [custom_notification] [OK] to=4dmin890@gmail.com subject="New Leave Application Submitted - ELMS"
